  [1m[36m (34.7ms)[0m  [1mCREATE TABLE "schema_migrations" ("version" character varying NOT NULL) [0m
  [1m[35m (1.3ms)[0m  CREATE UNIQUE INDEX  "unique_schema_migrations" ON "schema_migrations"  ("version")
  [1m[36mActiveRecord::SchemaMigration Load (0.3ms)[0m  [1mSELECT "schema_migrations".* FROM "schema_migrations"[0m
Migrating to CreateTodos (20150820224901)
  [1m[35m (0.1ms)[0m  BEGIN
  [1m[36m (5.4ms)[0m  [1mCREATE TABLE "todos" ("id" serial primary key, "body" character varying, "status" boolean DEFAULT 'f', "created_at" timestamp NOT NULL, "updated_at" timestamp NOT NULL) [0m
  [1m[35mSQL (0.3ms)[0m  INSERT INTO "schema_migrations" ("version") VALUES ($1)  [["version", "20150820224901"]]
  [1m[36m (15.8ms)[0m  [1mCOMMIT[0m
  [1m[35mActiveRecord::SchemaMigration Load (0.4ms)[0m  SELECT "schema_migrations".* FROM "schema_migrations"
  [1m[36m (2.8ms)[0m  [1mSELECT t2.oid::regclass::text AS to_table, a1.attname AS column, a2.attname AS primary_key, c.conname AS name, c.confupdtype AS on_update, c.confdeltype AS on_delete
FROM pg_constraint c
JOIN pg_class t1 ON c.conrelid = t1.oid
JOIN pg_class t2 ON c.confrelid = t2.oid
JOIN pg_attribute a1 ON a1.attnum = c.conkey[1] AND a1.attrelid = t1.oid
JOIN pg_attribute a2 ON a2.attnum = c.confkey[1] AND a2.attrelid = t2.oid
JOIN pg_namespace t3 ON c.connamespace = t3.oid
WHERE c.contype = 'f'
  AND t1.relname = 'todos'
  AND t3.nspname = ANY (current_schemas(false))
ORDER BY c.conname
[0m
  [1m[36m (3.3ms)[0m  [1mCREATE TABLE "schema_migrations" ("version" character varying NOT NULL) [0m
  [1m[35m (1.2ms)[0m  CREATE UNIQUE INDEX  "unique_schema_migrations" ON "schema_migrations"  ("version")
  [1m[36mActiveRecord::SchemaMigration Load (0.3ms)[0m  [1mSELECT "schema_migrations".* FROM "schema_migrations"[0m
Migrating to CreateTodos (20150820224901)
  [1m[35m (0.1ms)[0m  BEGIN
  [1m[36m (3.8ms)[0m  [1mCREATE TABLE "todos" ("id" serial primary key, "body" character varying, "status" boolean DEFAULT 'f', "created_at" timestamp NOT NULL, "updated_at" timestamp NOT NULL) [0m
  [1m[35mSQL (0.5ms)[0m  INSERT INTO "schema_migrations" ("version") VALUES ($1)  [["version", "20150820224901"]]
  [1m[36m (0.6ms)[0m  [1mCOMMIT[0m
  [1m[35mActiveRecord::SchemaMigration Load (0.2ms)[0m  SELECT "schema_migrations".* FROM "schema_migrations"
  [1m[36m (2.2ms)[0m  [1mSELECT t2.oid::regclass::text AS to_table, a1.attname AS column, a2.attname AS primary_key, c.conname AS name, c.confupdtype AS on_update, c.confdeltype AS on_delete
FROM pg_constraint c
JOIN pg_class t1 ON c.conrelid = t1.oid
JOIN pg_class t2 ON c.confrelid = t2.oid
JOIN pg_attribute a1 ON a1.attnum = c.conkey[1] AND a1.attrelid = t1.oid
JOIN pg_attribute a2 ON a2.attnum = c.confkey[1] AND a2.attrelid = t2.oid
JOIN pg_namespace t3 ON c.connamespace = t3.oid
WHERE c.contype = 'f'
  AND t1.relname = 'todos'
  AND t3.nspname = ANY (current_schemas(false))
ORDER BY c.conname
[0m
  [1m[36m (3.2ms)[0m  [1mCREATE TABLE "schema_migrations" ("version" character varying NOT NULL) [0m
  [1m[35m (1.2ms)[0m  CREATE UNIQUE INDEX  "unique_schema_migrations" ON "schema_migrations"  ("version")
  [1m[36mActiveRecord::SchemaMigration Load (0.3ms)[0m  [1mSELECT "schema_migrations".* FROM "schema_migrations"[0m
Migrating to CreateTasks (20150820224901)
  [1m[35m (0.3ms)[0m  BEGIN
  [1m[36m (3.3ms)[0m  [1mCREATE TABLE "tasks" ("id" serial primary key, "body" character varying, "status" boolean DEFAULT 'f', "created_at" timestamp NOT NULL, "updated_at" timestamp NOT NULL) [0m
  [1m[35mSQL (0.4ms)[0m  INSERT INTO "schema_migrations" ("version") VALUES ($1)  [["version", "20150820224901"]]
  [1m[36m (0.7ms)[0m  [1mCOMMIT[0m
  [1m[35mActiveRecord::SchemaMigration Load (0.2ms)[0m  SELECT "schema_migrations".* FROM "schema_migrations"
  [1m[36m (2.7ms)[0m  [1mSELECT t2.oid::regclass::text AS to_table, a1.attname AS column, a2.attname AS primary_key, c.conname AS name, c.confupdtype AS on_update, c.confdeltype AS on_delete
FROM pg_constraint c
JOIN pg_class t1 ON c.conrelid = t1.oid
JOIN pg_class t2 ON c.confrelid = t2.oid
JOIN pg_attribute a1 ON a1.attnum = c.conkey[1] AND a1.attrelid = t1.oid
JOIN pg_attribute a2 ON a2.attnum = c.confkey[1] AND a2.attrelid = t2.oid
JOIN pg_namespace t3 ON c.connamespace = t3.oid
WHERE c.contype = 'f'
  AND t1.relname = 'tasks'
  AND t3.nspname = ANY (current_schemas(false))
ORDER BY c.conname
[0m
  [1m[36mTask Load (15.8ms)[0m  [1mSELECT "tasks".* FROM "tasks"[0m
  [1m[35m (0.2ms)[0m  BEGIN
  [1m[36mSQL (0.7ms)[0m  [1mINSERT INTO "tasks" ("body", "created_at", "updated_at") VALUES ($1, $2, $3) RETURNING "id"[0m  [["body", "Hello Universe"], ["created_at", "2015-08-20 23:34:34.106340"], ["updated_at", "2015-08-20 23:34:34.106340"]]
  [1m[35m (15.8ms)[0m  COMMIT
  [1m[36m (0.2ms)[0m  [1mBEGIN[0m
  [1m[35mSQL (0.3ms)[0m  INSERT INTO "tasks" ("body", "created_at", "updated_at") VALUES ($1, $2, $3) RETURNING "id"  [["body", "test"], ["created_at", "2015-08-20 23:35:41.902372"], ["updated_at", "2015-08-20 23:35:41.902372"]]
  [1m[36m (1.4ms)[0m  [1mCOMMIT[0m


Started GET "/tasks" for ::1 at 2015-08-20 16:41:46 -0700
  [1m[36mActiveRecord::SchemaMigration Load (0.5ms)[0m  [1mSELECT "schema_migrations".* FROM "schema_migrations"[0m

LoadError (Unable to autoload constant TasksController, expected /Users/apprentice/Desktop/phil-borel/to-do-classic/todo_list/app/controllers/tasks_controller.rb to define it):
  activesupport (4.2.3) lib/active_support/dependencies.rb:495:in `load_missing_constant'
  activesupport (4.2.3) lib/active_support/dependencies.rb:184:in `const_missing'
  activesupport (4.2.3) lib/active_support/inflector/methods.rb:261:in `const_get'
  activesupport (4.2.3) lib/active_support/inflector/methods.rb:261:in `block in constantize'
  activesupport (4.2.3) lib/active_support/inflector/methods.rb:259:in `each'
  activesupport (4.2.3) lib/active_support/inflector/methods.rb:259:in `inject'
  activesupport (4.2.3) lib/active_support/inflector/methods.rb:259:in `constantize'
  activesupport (4.2.3) lib/active_support/dependencies.rb:566:in `get'
  activesupport (4.2.3) lib/active_support/dependencies.rb:597:in `constantize'
  actionpack (4.2.3) lib/action_dispatch/routing/route_set.rb:72:in `controller_reference'
  actionpack (4.2.3) lib/action_dispatch/routing/route_set.rb:62:in `controller'
  actionpack (4.2.3) lib/action_dispatch/routing/route_set.rb:41:in `serve'
  actionpack (4.2.3) lib/action_dispatch/journey/router.rb:43:in `block in serve'
  actionpack (4.2.3) lib/action_dispatch/journey/router.rb:30:in `each'
  actionpack (4.2.3) lib/action_dispatch/journey/router.rb:30:in `serve'
  actionpack (4.2.3) lib/action_dispatch/routing/route_set.rb:821:in `call'
  rack (1.6.4) lib/rack/etag.rb:24:in `call'
  rack (1.6.4) lib/rack/conditionalget.rb:25:in `call'
  rack (1.6.4) lib/rack/head.rb:13:in `call'
  actionpack (4.2.3) lib/action_dispatch/middleware/params_parser.rb:27:in `call'
  activerecord (4.2.3) lib/active_record/query_cache.rb:36:in `call'
  activerecord (4.2.3) lib/active_record/connection_adapters/abstract/connection_pool.rb:653:in `call'
  activerecord (4.2.3) lib/active_record/migration.rb:377:in `call'
  actionpack (4.2.3) lib/action_dispatch/middleware/callbacks.rb:29:in `block in call'
  activesupport (4.2.3) lib/active_support/callbacks.rb:84:in `run_callbacks'
  actionpack (4.2.3) lib/action_dispatch/middleware/callbacks.rb:27:in `call'
  actionpack (4.2.3) lib/action_dispatch/middleware/reloader.rb:73:in `call'
  actionpack (4.2.3) lib/action_dispatch/middleware/remote_ip.rb:78:in `call'
  actionpack (4.2.3) lib/action_dispatch/middleware/debug_exceptions.rb:17:in `call'
  actionpack (4.2.3) lib/action_dispatch/middleware/show_exceptions.rb:30:in `call'
  railties (4.2.3) lib/rails/rack/logger.rb:38:in `call_app'
  railties (4.2.3) lib/rails/rack/logger.rb:20:in `block in call'
  activesupport (4.2.3) lib/active_support/tagged_logging.rb:68:in `block in tagged'
  activesupport (4.2.3) lib/active_support/tagged_logging.rb:26:in `tagged'
  activesupport (4.2.3) lib/active_support/tagged_logging.rb:68:in `tagged'
  railties (4.2.3) lib/rails/rack/logger.rb:20:in `call'
  actionpack (4.2.3) lib/action_dispatch/middleware/request_id.rb:21:in `call'
  rack (1.6.4) lib/rack/runtime.rb:18:in `call'
  activesupport (4.2.3) lib/active_support/cache/strategy/local_cache_middleware.rb:28:in `call'
  rack (1.6.4) lib/rack/lock.rb:17:in `call'
  actionpack (4.2.3) lib/action_dispatch/middleware/static.rb:116:in `call'
  railties (4.2.3) lib/rails/engine.rb:518:in `call'
  railties (4.2.3) lib/rails/application.rb:165:in `call'
  rack (1.6.4) lib/rack/lock.rb:17:in `call'
  rack (1.6.4) lib/rack/content_length.rb:15:in `call'
  rack (1.6.4) lib/rack/handler/webrick.rb:88:in `service'
  /Users/apprentice/.rbenv/versions/2.0.0-p353/lib/ruby/2.0.0/webrick/httpserver.rb:138:in `service'
  /Users/apprentice/.rbenv/versions/2.0.0-p353/lib/ruby/2.0.0/webrick/httpserver.rb:94:in `run'
  /Users/apprentice/.rbenv/versions/2.0.0-p353/lib/ruby/2.0.0/webrick/server.rb:295:in `block in start_thread'


  Rendered /Users/apprentice/.rbenv/versions/2.0.0-p353/lib/ruby/gems/2.0.0/gems/actionpack-4.2.3/lib/action_dispatch/middleware/templates/rescues/_source.erb (2.4ms)
  Rendered /Users/apprentice/.rbenv/versions/2.0.0-p353/lib/ruby/gems/2.0.0/gems/actionpack-4.2.3/lib/action_dispatch/middleware/templates/rescues/_trace.text.erb (0.5ms)
  Rendered /Users/apprentice/.rbenv/versions/2.0.0-p353/lib/ruby/gems/2.0.0/gems/actionpack-4.2.3/lib/action_dispatch/middleware/templates/rescues/_request_and_response.text.erb (0.9ms)
  Rendered /Users/apprentice/.rbenv/versions/2.0.0-p353/lib/ruby/gems/2.0.0/gems/actionpack-4.2.3/lib/action_dispatch/middleware/templates/rescues/diagnostics.text.erb (23.0ms)


Started GET "/tasks" for ::1 at 2015-08-20 16:42:22 -0700

LoadError (Unable to autoload constant TasksController, expected /Users/apprentice/Desktop/phil-borel/to-do-classic/todo_list/app/controllers/tasks_controller.rb to define it):
  activesupport (4.2.3) lib/active_support/dependencies.rb:495:in `load_missing_constant'
  activesupport (4.2.3) lib/active_support/dependencies.rb:184:in `const_missing'
  activesupport (4.2.3) lib/active_support/inflector/methods.rb:261:in `const_get'
  activesupport (4.2.3) lib/active_support/inflector/methods.rb:261:in `block in constantize'
  activesupport (4.2.3) lib/active_support/inflector/methods.rb:259:in `each'
  activesupport (4.2.3) lib/active_support/inflector/methods.rb:259:in `inject'
  activesupport (4.2.3) lib/active_support/inflector/methods.rb:259:in `constantize'
  activesupport (4.2.3) lib/active_support/dependencies.rb:566:in `get'
  activesupport (4.2.3) lib/active_support/dependencies.rb:597:in `constantize'
  actionpack (4.2.3) lib/action_dispatch/routing/route_set.rb:72:in `controller_reference'
  actionpack (4.2.3) lib/action_dispatch/routing/route_set.rb:62:in `controller'
  actionpack (4.2.3) lib/action_dispatch/routing/route_set.rb:41:in `serve'
  actionpack (4.2.3) lib/action_dispatch/journey/router.rb:43:in `block in serve'
  actionpack (4.2.3) lib/action_dispatch/journey/router.rb:30:in `each'
  actionpack (4.2.3) lib/action_dispatch/journey/router.rb:30:in `serve'
  actionpack (4.2.3) lib/action_dispatch/routing/route_set.rb:821:in `call'
  rack (1.6.4) lib/rack/etag.rb:24:in `call'
  rack (1.6.4) lib/rack/conditionalget.rb:25:in `call'
  rack (1.6.4) lib/rack/head.rb:13:in `call'
  actionpack (4.2.3) lib/action_dispatch/middleware/params_parser.rb:27:in `call'
  activerecord (4.2.3) lib/active_record/query_cache.rb:36:in `call'
  activerecord (4.2.3) lib/active_record/connection_adapters/abstract/connection_pool.rb:653:in `call'
  activerecord (4.2.3) lib/active_record/migration.rb:377:in `call'
  actionpack (4.2.3) lib/action_dispatch/middleware/callbacks.rb:29:in `block in call'
  activesupport (4.2.3) lib/active_support/callbacks.rb:84:in `run_callbacks'
  actionpack (4.2.3) lib/action_dispatch/middleware/callbacks.rb:27:in `call'
  actionpack (4.2.3) lib/action_dispatch/middleware/reloader.rb:73:in `call'
  actionpack (4.2.3) lib/action_dispatch/middleware/remote_ip.rb:78:in `call'
  actionpack (4.2.3) lib/action_dispatch/middleware/debug_exceptions.rb:17:in `call'
  actionpack (4.2.3) lib/action_dispatch/middleware/show_exceptions.rb:30:in `call'
  railties (4.2.3) lib/rails/rack/logger.rb:38:in `call_app'
  railties (4.2.3) lib/rails/rack/logger.rb:20:in `block in call'
  activesupport (4.2.3) lib/active_support/tagged_logging.rb:68:in `block in tagged'
  activesupport (4.2.3) lib/active_support/tagged_logging.rb:26:in `tagged'
  activesupport (4.2.3) lib/active_support/tagged_logging.rb:68:in `tagged'
  railties (4.2.3) lib/rails/rack/logger.rb:20:in `call'
  actionpack (4.2.3) lib/action_dispatch/middleware/request_id.rb:21:in `call'
  rack (1.6.4) lib/rack/runtime.rb:18:in `call'
  activesupport (4.2.3) lib/active_support/cache/strategy/local_cache_middleware.rb:28:in `call'
  rack (1.6.4) lib/rack/lock.rb:17:in `call'
  actionpack (4.2.3) lib/action_dispatch/middleware/static.rb:116:in `call'
  railties (4.2.3) lib/rails/engine.rb:518:in `call'
  railties (4.2.3) lib/rails/application.rb:165:in `call'
  rack (1.6.4) lib/rack/lock.rb:17:in `call'
  rack (1.6.4) lib/rack/content_length.rb:15:in `call'
  rack (1.6.4) lib/rack/handler/webrick.rb:88:in `service'
  /Users/apprentice/.rbenv/versions/2.0.0-p353/lib/ruby/2.0.0/webrick/httpserver.rb:138:in `service'
  /Users/apprentice/.rbenv/versions/2.0.0-p353/lib/ruby/2.0.0/webrick/httpserver.rb:94:in `run'
  /Users/apprentice/.rbenv/versions/2.0.0-p353/lib/ruby/2.0.0/webrick/server.rb:295:in `block in start_thread'


  Rendered /Users/apprentice/.rbenv/versions/2.0.0-p353/lib/ruby/gems/2.0.0/gems/actionpack-4.2.3/lib/action_dispatch/middleware/templates/rescues/_source.erb (4.6ms)
  Rendered /Users/apprentice/.rbenv/versions/2.0.0-p353/lib/ruby/gems/2.0.0/gems/actionpack-4.2.3/lib/action_dispatch/middleware/templates/rescues/_trace.text.erb (1.3ms)
  Rendered /Users/apprentice/.rbenv/versions/2.0.0-p353/lib/ruby/gems/2.0.0/gems/actionpack-4.2.3/lib/action_dispatch/middleware/templates/rescues/_request_and_response.text.erb (1.2ms)
  Rendered /Users/apprentice/.rbenv/versions/2.0.0-p353/lib/ruby/gems/2.0.0/gems/actionpack-4.2.3/lib/action_dispatch/middleware/templates/rescues/diagnostics.text.erb (25.0ms)


Started GET "/tasks" for ::1 at 2015-08-20 16:42:23 -0700

LoadError (Unable to autoload constant TasksController, expected /Users/apprentice/Desktop/phil-borel/to-do-classic/todo_list/app/controllers/tasks_controller.rb to define it):
  activesupport (4.2.3) lib/active_support/dependencies.rb:495:in `load_missing_constant'
  activesupport (4.2.3) lib/active_support/dependencies.rb:184:in `const_missing'
  activesupport (4.2.3) lib/active_support/inflector/methods.rb:261:in `const_get'
  activesupport (4.2.3) lib/active_support/inflector/methods.rb:261:in `block in constantize'
  activesupport (4.2.3) lib/active_support/inflector/methods.rb:259:in `each'
  activesupport (4.2.3) lib/active_support/inflector/methods.rb:259:in `inject'
  activesupport (4.2.3) lib/active_support/inflector/methods.rb:259:in `constantize'
  activesupport (4.2.3) lib/active_support/dependencies.rb:566:in `get'
  activesupport (4.2.3) lib/active_support/dependencies.rb:597:in `constantize'
  actionpack (4.2.3) lib/action_dispatch/routing/route_set.rb:72:in `controller_reference'
  actionpack (4.2.3) lib/action_dispatch/routing/route_set.rb:62:in `controller'
  actionpack (4.2.3) lib/action_dispatch/routing/route_set.rb:41:in `serve'
  actionpack (4.2.3) lib/action_dispatch/journey/router.rb:43:in `block in serve'
  actionpack (4.2.3) lib/action_dispatch/journey/router.rb:30:in `each'
  actionpack (4.2.3) lib/action_dispatch/journey/router.rb:30:in `serve'
  actionpack (4.2.3) lib/action_dispatch/routing/route_set.rb:821:in `call'
  rack (1.6.4) lib/rack/etag.rb:24:in `call'
  rack (1.6.4) lib/rack/conditionalget.rb:25:in `call'
  rack (1.6.4) lib/rack/head.rb:13:in `call'
  actionpack (4.2.3) lib/action_dispatch/middleware/params_parser.rb:27:in `call'
  activerecord (4.2.3) lib/active_record/query_cache.rb:36:in `call'
  activerecord (4.2.3) lib/active_record/connection_adapters/abstract/connection_pool.rb:653:in `call'
  activerecord (4.2.3) lib/active_record/migration.rb:377:in `call'
  actionpack (4.2.3) lib/action_dispatch/middleware/callbacks.rb:29:in `block in call'
  activesupport (4.2.3) lib/active_support/callbacks.rb:84:in `run_callbacks'
  actionpack (4.2.3) lib/action_dispatch/middleware/callbacks.rb:27:in `call'
  actionpack (4.2.3) lib/action_dispatch/middleware/reloader.rb:73:in `call'
  actionpack (4.2.3) lib/action_dispatch/middleware/remote_ip.rb:78:in `call'
  actionpack (4.2.3) lib/action_dispatch/middleware/debug_exceptions.rb:17:in `call'
  actionpack (4.2.3) lib/action_dispatch/middleware/show_exceptions.rb:30:in `call'
  railties (4.2.3) lib/rails/rack/logger.rb:38:in `call_app'
  railties (4.2.3) lib/rails/rack/logger.rb:20:in `block in call'
  activesupport (4.2.3) lib/active_support/tagged_logging.rb:68:in `block in tagged'
  activesupport (4.2.3) lib/active_support/tagged_logging.rb:26:in `tagged'
  activesupport (4.2.3) lib/active_support/tagged_logging.rb:68:in `tagged'
  railties (4.2.3) lib/rails/rack/logger.rb:20:in `call'
  actionpack (4.2.3) lib/action_dispatch/middleware/request_id.rb:21:in `call'
  rack (1.6.4) lib/rack/runtime.rb:18:in `call'
  activesupport (4.2.3) lib/active_support/cache/strategy/local_cache_middleware.rb:28:in `call'
  rack (1.6.4) lib/rack/lock.rb:17:in `call'
  actionpack (4.2.3) lib/action_dispatch/middleware/static.rb:116:in `call'
  railties (4.2.3) lib/rails/engine.rb:518:in `call'
  railties (4.2.3) lib/rails/application.rb:165:in `call'
  rack (1.6.4) lib/rack/lock.rb:17:in `call'
  rack (1.6.4) lib/rack/content_length.rb:15:in `call'
  rack (1.6.4) lib/rack/handler/webrick.rb:88:in `service'
  /Users/apprentice/.rbenv/versions/2.0.0-p353/lib/ruby/2.0.0/webrick/httpserver.rb:138:in `service'
  /Users/apprentice/.rbenv/versions/2.0.0-p353/lib/ruby/2.0.0/webrick/httpserver.rb:94:in `run'
  /Users/apprentice/.rbenv/versions/2.0.0-p353/lib/ruby/2.0.0/webrick/server.rb:295:in `block in start_thread'


  Rendered /Users/apprentice/.rbenv/versions/2.0.0-p353/lib/ruby/gems/2.0.0/gems/actionpack-4.2.3/lib/action_dispatch/middleware/templates/rescues/_source.erb (4.4ms)
  Rendered /Users/apprentice/.rbenv/versions/2.0.0-p353/lib/ruby/gems/2.0.0/gems/actionpack-4.2.3/lib/action_dispatch/middleware/templates/rescues/_trace.text.erb (1.1ms)
  Rendered /Users/apprentice/.rbenv/versions/2.0.0-p353/lib/ruby/gems/2.0.0/gems/actionpack-4.2.3/lib/action_dispatch/middleware/templates/rescues/_request_and_response.text.erb (1.3ms)
  Rendered /Users/apprentice/.rbenv/versions/2.0.0-p353/lib/ruby/gems/2.0.0/gems/actionpack-4.2.3/lib/action_dispatch/middleware/templates/rescues/diagnostics.text.erb (26.3ms)


Started GET "/tasks" for ::1 at 2015-08-20 16:43:45 -0700

LoadError (Unable to autoload constant TasksController, expected /Users/apprentice/Desktop/phil-borel/to-do-classic/todo_list/app/controllers/tasks_controller.rb to define it):
  activesupport (4.2.3) lib/active_support/dependencies.rb:495:in `load_missing_constant'
  activesupport (4.2.3) lib/active_support/dependencies.rb:184:in `const_missing'
  activesupport (4.2.3) lib/active_support/inflector/methods.rb:261:in `const_get'
  activesupport (4.2.3) lib/active_support/inflector/methods.rb:261:in `block in constantize'
  activesupport (4.2.3) lib/active_support/inflector/methods.rb:259:in `each'
  activesupport (4.2.3) lib/active_support/inflector/methods.rb:259:in `inject'
  activesupport (4.2.3) lib/active_support/inflector/methods.rb:259:in `constantize'
  activesupport (4.2.3) lib/active_support/dependencies.rb:566:in `get'
  activesupport (4.2.3) lib/active_support/dependencies.rb:597:in `constantize'
  actionpack (4.2.3) lib/action_dispatch/routing/route_set.rb:72:in `controller_reference'
  actionpack (4.2.3) lib/action_dispatch/routing/route_set.rb:62:in `controller'
  actionpack (4.2.3) lib/action_dispatch/routing/route_set.rb:41:in `serve'
  actionpack (4.2.3) lib/action_dispatch/journey/router.rb:43:in `block in serve'
  actionpack (4.2.3) lib/action_dispatch/journey/router.rb:30:in `each'
  actionpack (4.2.3) lib/action_dispatch/journey/router.rb:30:in `serve'
  actionpack (4.2.3) lib/action_dispatch/routing/route_set.rb:821:in `call'
  rack (1.6.4) lib/rack/etag.rb:24:in `call'
  rack (1.6.4) lib/rack/conditionalget.rb:25:in `call'
  rack (1.6.4) lib/rack/head.rb:13:in `call'
  actionpack (4.2.3) lib/action_dispatch/middleware/params_parser.rb:27:in `call'
  activerecord (4.2.3) lib/active_record/query_cache.rb:36:in `call'
  activerecord (4.2.3) lib/active_record/connection_adapters/abstract/connection_pool.rb:653:in `call'
  activerecord (4.2.3) lib/active_record/migration.rb:377:in `call'
  actionpack (4.2.3) lib/action_dispatch/middleware/callbacks.rb:29:in `block in call'
  activesupport (4.2.3) lib/active_support/callbacks.rb:84:in `run_callbacks'
  actionpack (4.2.3) lib/action_dispatch/middleware/callbacks.rb:27:in `call'
  actionpack (4.2.3) lib/action_dispatch/middleware/reloader.rb:73:in `call'
  actionpack (4.2.3) lib/action_dispatch/middleware/remote_ip.rb:78:in `call'
  actionpack (4.2.3) lib/action_dispatch/middleware/debug_exceptions.rb:17:in `call'
  actionpack (4.2.3) lib/action_dispatch/middleware/show_exceptions.rb:30:in `call'
  railties (4.2.3) lib/rails/rack/logger.rb:38:in `call_app'
  railties (4.2.3) lib/rails/rack/logger.rb:20:in `block in call'
  activesupport (4.2.3) lib/active_support/tagged_logging.rb:68:in `block in tagged'
  activesupport (4.2.3) lib/active_support/tagged_logging.rb:26:in `tagged'
  activesupport (4.2.3) lib/active_support/tagged_logging.rb:68:in `tagged'
  railties (4.2.3) lib/rails/rack/logger.rb:20:in `call'
  actionpack (4.2.3) lib/action_dispatch/middleware/request_id.rb:21:in `call'
  rack (1.6.4) lib/rack/runtime.rb:18:in `call'
  activesupport (4.2.3) lib/active_support/cache/strategy/local_cache_middleware.rb:28:in `call'
  rack (1.6.4) lib/rack/lock.rb:17:in `call'
  actionpack (4.2.3) lib/action_dispatch/middleware/static.rb:116:in `call'
  railties (4.2.3) lib/rails/engine.rb:518:in `call'
  railties (4.2.3) lib/rails/application.rb:165:in `call'
  rack (1.6.4) lib/rack/lock.rb:17:in `call'
  rack (1.6.4) lib/rack/content_length.rb:15:in `call'
  rack (1.6.4) lib/rack/handler/webrick.rb:88:in `service'
  /Users/apprentice/.rbenv/versions/2.0.0-p353/lib/ruby/2.0.0/webrick/httpserver.rb:138:in `service'
  /Users/apprentice/.rbenv/versions/2.0.0-p353/lib/ruby/2.0.0/webrick/httpserver.rb:94:in `run'
  /Users/apprentice/.rbenv/versions/2.0.0-p353/lib/ruby/2.0.0/webrick/server.rb:295:in `block in start_thread'


  Rendered /Users/apprentice/.rbenv/versions/2.0.0-p353/lib/ruby/gems/2.0.0/gems/actionpack-4.2.3/lib/action_dispatch/middleware/templates/rescues/_source.erb (3.5ms)
  Rendered /Users/apprentice/.rbenv/versions/2.0.0-p353/lib/ruby/gems/2.0.0/gems/actionpack-4.2.3/lib/action_dispatch/middleware/templates/rescues/_trace.text.erb (0.5ms)
  Rendered /Users/apprentice/.rbenv/versions/2.0.0-p353/lib/ruby/gems/2.0.0/gems/actionpack-4.2.3/lib/action_dispatch/middleware/templates/rescues/_request_and_response.text.erb (0.7ms)
  Rendered /Users/apprentice/.rbenv/versions/2.0.0-p353/lib/ruby/gems/2.0.0/gems/actionpack-4.2.3/lib/action_dispatch/middleware/templates/rescues/diagnostics.text.erb (15.5ms)


Started GET "/tasks" for ::1 at 2015-08-20 16:54:49 -0700
Processing by TasksController#index as */*
  [1m[35mTask Load (1.3ms)[0m  SELECT "tasks".* FROM "tasks" WHERE "tasks"."status" = $1  [["status", "f"]]
Completed 200 OK in 67ms (Views: 13.0ms | ActiveRecord: 7.6ms)


Started GET "/tasks" for ::1 at 2015-08-20 17:11:34 -0700
Processing by TasksController#index as */*
  [1m[36mTask Load (0.5ms)[0m  [1mSELECT "tasks".* FROM "tasks" WHERE "tasks"."status" = $1[0m  [["status", "f"]]
Completed 200 OK in 4ms (Views: 2.4ms | ActiveRecord: 0.5ms)


Started GET "/tasks" for ::1 at 2015-08-20 17:11:50 -0700
Processing by TasksController#index as */*
  [1m[35mTask Load (0.3ms)[0m  SELECT "tasks".* FROM "tasks" WHERE "tasks"."status" = $1  [["status", "f"]]
Completed 200 OK in 2ms (Views: 1.4ms | ActiveRecord: 0.3ms)


Started GET "/tasks" for ::1 at 2015-08-20 17:20:57 -0700
Processing by TasksController#index as */*
  [1m[36mTask Load (0.3ms)[0m  [1mSELECT "tasks".* FROM "tasks" WHERE "tasks"."status" = $1[0m  [["status", "f"]]
Completed 200 OK in 3ms (Views: 1.8ms | ActiveRecord: 0.3ms)


Started GET "/tasks" for ::1 at 2015-08-20 17:22:25 -0700
Processing by TasksController#index as */*
  [1m[35mTask Load (0.3ms)[0m  SELECT "tasks".* FROM "tasks" WHERE "tasks"."status" = $1  [["status", "f"]]
Completed 200 OK in 2ms (Views: 1.3ms | ActiveRecord: 0.3ms)


Started GET "/tasks" for ::1 at 2015-08-20 17:22:39 -0700
Processing by TasksController#index as */*
  [1m[36mTask Load (0.6ms)[0m  [1mSELECT "tasks".* FROM "tasks" WHERE "tasks"."status" = $1[0m  [["status", "f"]]
Completed 200 OK in 3ms (Views: 1.9ms | ActiveRecord: 0.6ms)


Started GET "/tasks" for ::1 at 2015-08-20 17:25:17 -0700
Processing by TasksController#index as */*
  [1m[35mTask Load (0.5ms)[0m  SELECT "tasks".* FROM "tasks" WHERE "tasks"."status" = $1  [["status", "f"]]
Completed 200 OK in 3ms (Views: 2.3ms | ActiveRecord: 0.5ms)


Started GET "/tasks" for ::1 at 2015-08-20 17:25:28 -0700
Processing by TasksController#index as */*
  [1m[36mTask Load (0.2ms)[0m  [1mSELECT "tasks".* FROM "tasks" WHERE "tasks"."status" = $1[0m  [["status", "f"]]
Completed 200 OK in 2ms (Views: 1.6ms | ActiveRecord: 0.2ms)


Started GET "/tasks" for ::1 at 2015-08-20 17:27:24 -0700
Processing by TasksController#index as */*
  [1m[35mTask Load (0.3ms)[0m  SELECT "tasks".* FROM "tasks" WHERE "tasks"."status" = $1  [["status", "f"]]
Completed 200 OK in 4ms (Views: 2.5ms | ActiveRecord: 0.3ms)


Started GET "/tasks" for ::1 at 2015-08-20 17:38:26 -0700
Processing by TasksController#index as */*
  [1m[36mTask Load (0.3ms)[0m  [1mSELECT "tasks".* FROM "tasks" WHERE "tasks"."status" = $1[0m  [["status", "f"]]
Completed 200 OK in 3ms (Views: 1.8ms | ActiveRecord: 0.3ms)


Started GET "/tasks" for ::1 at 2015-08-20 17:38:59 -0700
Processing by TasksController#index as */*
  [1m[35mTask Load (0.4ms)[0m  SELECT "tasks".* FROM "tasks" WHERE "tasks"."status" = $1  [["status", "f"]]
Completed 200 OK in 3ms (Views: 1.9ms | ActiveRecord: 0.4ms)


Started GET "/tasks" for ::1 at 2015-08-20 17:39:12 -0700
Processing by TasksController#index as */*
  [1m[36mTask Load (0.2ms)[0m  [1mSELECT "tasks".* FROM "tasks" WHERE "tasks"."status" = $1[0m  [["status", "f"]]
Completed 200 OK in 2ms (Views: 1.6ms | ActiveRecord: 0.2ms)


Started GET "/tasks" for ::1 at 2015-08-20 17:39:28 -0700
Processing by TasksController#index as */*
  [1m[35mTask Load (0.3ms)[0m  SELECT "tasks".* FROM "tasks" WHERE "tasks"."status" = $1  [["status", "f"]]
Completed 200 OK in 3ms (Views: 2.0ms | ActiveRecord: 0.3ms)


Started GET "/tasks" for ::1 at 2015-08-20 17:58:58 -0700
Processing by TasksController#index as */*
  [1m[36mTask Load (0.2ms)[0m  [1mSELECT "tasks".* FROM "tasks" WHERE "tasks"."status" = $1[0m  [["status", "f"]]
Completed 200 OK in 2ms (Views: 1.3ms | ActiveRecord: 0.2ms)


Started GET "/tasks" for ::1 at 2015-08-20 17:59:00 -0700
Processing by TasksController#index as */*
  [1m[35mTask Load (0.3ms)[0m  SELECT "tasks".* FROM "tasks" WHERE "tasks"."status" = $1  [["status", "f"]]
Completed 200 OK in 2ms (Views: 1.7ms | ActiveRecord: 0.3ms)


Started GET "/" for ::1 at 2015-08-20 19:27:54 -0700

LoadError (cannot load such file -- /Users/apprentice/Desktop/phil-borel/to-do-classic/todo_list/config/routes.rb):
  activesupport (4.2.3) lib/active_support/dependencies.rb:268:in `load'
  activesupport (4.2.3) lib/active_support/dependencies.rb:268:in `block in load'
  activesupport (4.2.3) lib/active_support/dependencies.rb:240:in `load_dependency'
  activesupport (4.2.3) lib/active_support/dependencies.rb:268:in `load'
  railties (4.2.3) lib/rails/application/routes_reloader.rb:40:in `block in load_paths'
  railties (4.2.3) lib/rails/application/routes_reloader.rb:40:in `each'
  railties (4.2.3) lib/rails/application/routes_reloader.rb:40:in `load_paths'
  railties (4.2.3) lib/rails/application/routes_reloader.rb:16:in `reload!'
  railties (4.2.3) lib/rails/application/routes_reloader.rb:26:in `block in updater'
  activesupport (4.2.3) lib/active_support/file_update_checker.rb:75:in `call'
  activesupport (4.2.3) lib/active_support/file_update_checker.rb:75:in `execute'
  railties (4.2.3) lib/rails/application/routes_reloader.rb:7:in `execute'
  railties (4.2.3) lib/rails/application/finisher.rb:81:in `block (2 levels) in <module:Finisher>'
  activesupport (4.2.3) lib/active_support/callbacks.rb:444:in `instance_exec'
  activesupport (4.2.3) lib/active_support/callbacks.rb:444:in `block in make_lambda'
  activesupport (4.2.3) lib/active_support/callbacks.rb:190:in `call'
  activesupport (4.2.3) lib/active_support/callbacks.rb:190:in `block in simple'
  activesupport (4.2.3) lib/active_support/callbacks.rb:502:in `call'
  activesupport (4.2.3) lib/active_support/callbacks.rb:502:in `block in call'
  activesupport (4.2.3) lib/active_support/callbacks.rb:502:in `each'
  activesupport (4.2.3) lib/active_support/callbacks.rb:502:in `call'
  activesupport (4.2.3) lib/active_support/callbacks.rb:88:in `run_callbacks'
  actionpack (4.2.3) lib/action_dispatch/middleware/reloader.rb:83:in `prepare!'
  actionpack (4.2.3) lib/action_dispatch/middleware/reloader.rb:71:in `call'
  actionpack (4.2.3) lib/action_dispatch/middleware/remote_ip.rb:78:in `call'
  actionpack (4.2.3) lib/action_dispatch/middleware/debug_exceptions.rb:17:in `call'
  actionpack (4.2.3) lib/action_dispatch/middleware/show_exceptions.rb:30:in `call'
  railties (4.2.3) lib/rails/rack/logger.rb:38:in `call_app'
  railties (4.2.3) lib/rails/rack/logger.rb:20:in `block in call'
  activesupport (4.2.3) lib/active_support/tagged_logging.rb:68:in `block in tagged'
  activesupport (4.2.3) lib/active_support/tagged_logging.rb:26:in `tagged'
  activesupport (4.2.3) lib/active_support/tagged_logging.rb:68:in `tagged'
  railties (4.2.3) lib/rails/rack/logger.rb:20:in `call'
  actionpack (4.2.3) lib/action_dispatch/middleware/request_id.rb:21:in `call'
  rack (1.6.4) lib/rack/runtime.rb:18:in `call'
  activesupport (4.2.3) lib/active_support/cache/strategy/local_cache_middleware.rb:28:in `call'
  rack (1.6.4) lib/rack/lock.rb:17:in `call'
  actionpack (4.2.3) lib/action_dispatch/middleware/static.rb:116:in `call'
  railties (4.2.3) lib/rails/engine.rb:518:in `call'
  railties (4.2.3) lib/rails/application.rb:165:in `call'
  rack (1.6.4) lib/rack/lock.rb:17:in `call'
  rack (1.6.4) lib/rack/content_length.rb:15:in `call'
  rack (1.6.4) lib/rack/handler/webrick.rb:88:in `service'
  /Users/apprentice/.rbenv/versions/2.0.0-p353/lib/ruby/2.0.0/webrick/httpserver.rb:138:in `service'
  /Users/apprentice/.rbenv/versions/2.0.0-p353/lib/ruby/2.0.0/webrick/httpserver.rb:94:in `run'
  /Users/apprentice/.rbenv/versions/2.0.0-p353/lib/ruby/2.0.0/webrick/server.rb:295:in `block in start_thread'


  Rendered /Users/apprentice/.rbenv/versions/2.0.0-p353/lib/ruby/gems/2.0.0/gems/actionpack-4.2.3/lib/action_dispatch/middleware/templates/rescues/_source.erb (3.5ms)
  Rendered /Users/apprentice/.rbenv/versions/2.0.0-p353/lib/ruby/gems/2.0.0/gems/actionpack-4.2.3/lib/action_dispatch/middleware/templates/rescues/_trace.html.erb (45.1ms)
  Rendered /Users/apprentice/.rbenv/versions/2.0.0-p353/lib/ruby/gems/2.0.0/gems/actionpack-4.2.3/lib/action_dispatch/middleware/templates/rescues/_request_and_response.html.erb (1.0ms)
  Rendered /Users/apprentice/.rbenv/versions/2.0.0-p353/lib/ruby/gems/2.0.0/gems/actionpack-4.2.3/lib/action_dispatch/middleware/templates/rescues/diagnostics.html.erb within rescues/layout (63.8ms)


Started GET "/favicon.ico" for ::1 at 2015-08-20 19:27:54 -0700
  [1m[36mActiveRecord::SchemaMigration Load (0.3ms)[0m  [1mSELECT "schema_migrations".* FROM "schema_migrations"[0m

ActionController::RoutingError (No route matches [GET] "/favicon.ico"):
  actionpack (4.2.3) lib/action_dispatch/middleware/debug_exceptions.rb:21:in `call'
  actionpack (4.2.3) lib/action_dispatch/middleware/show_exceptions.rb:30:in `call'
  railties (4.2.3) lib/rails/rack/logger.rb:38:in `call_app'
  railties (4.2.3) lib/rails/rack/logger.rb:20:in `block in call'
  activesupport (4.2.3) lib/active_support/tagged_logging.rb:68:in `block in tagged'
  activesupport (4.2.3) lib/active_support/tagged_logging.rb:26:in `tagged'
  activesupport (4.2.3) lib/active_support/tagged_logging.rb:68:in `tagged'
  railties (4.2.3) lib/rails/rack/logger.rb:20:in `call'
  actionpack (4.2.3) lib/action_dispatch/middleware/request_id.rb:21:in `call'
  rack (1.6.4) lib/rack/runtime.rb:18:in `call'
  activesupport (4.2.3) lib/active_support/cache/strategy/local_cache_middleware.rb:28:in `call'
  rack (1.6.4) lib/rack/lock.rb:17:in `call'
  actionpack (4.2.3) lib/action_dispatch/middleware/static.rb:116:in `call'
  railties (4.2.3) lib/rails/engine.rb:518:in `call'
  railties (4.2.3) lib/rails/application.rb:165:in `call'
  rack (1.6.4) lib/rack/lock.rb:17:in `call'
  rack (1.6.4) lib/rack/content_length.rb:15:in `call'
  rack (1.6.4) lib/rack/handler/webrick.rb:88:in `service'
  /Users/apprentice/.rbenv/versions/2.0.0-p353/lib/ruby/2.0.0/webrick/httpserver.rb:138:in `service'
  /Users/apprentice/.rbenv/versions/2.0.0-p353/lib/ruby/2.0.0/webrick/httpserver.rb:94:in `run'
  /Users/apprentice/.rbenv/versions/2.0.0-p353/lib/ruby/2.0.0/webrick/server.rb:295:in `block in start_thread'


  Rendered /Users/apprentice/.rbenv/versions/2.0.0-p353/lib/ruby/gems/2.0.0/gems/actionpack-4.2.3/lib/action_dispatch/middleware/templates/rescues/_trace.html.erb (1.3ms)
  Rendered /Users/apprentice/.rbenv/versions/2.0.0-p353/lib/ruby/gems/2.0.0/gems/actionpack-4.2.3/lib/action_dispatch/middleware/templates/routes/_table.html.erb (8.2ms)
  Rendered /Users/apprentice/.rbenv/versions/2.0.0-p353/lib/ruby/gems/2.0.0/gems/actionpack-4.2.3/lib/action_dispatch/middleware/templates/rescues/_request_and_response.html.erb (1.0ms)
  Rendered /Users/apprentice/.rbenv/versions/2.0.0-p353/lib/ruby/gems/2.0.0/gems/actionpack-4.2.3/lib/action_dispatch/middleware/templates/rescues/routing_error.html.erb within rescues/layout (142.1ms)


Started GET "/tasks" for ::1 at 2015-08-20 19:28:47 -0700
  [1m[36mActiveRecord::SchemaMigration Load (0.5ms)[0m  [1mSELECT "schema_migrations".* FROM "schema_migrations"[0m
Processing by TasksController#index as */*
  [1m[35mTask Load (0.6ms)[0m  SELECT "tasks".* FROM "tasks" WHERE "tasks"."status" = $1  [["status", "f"]]
Completed 200 OK in 58ms (Views: 13.1ms | ActiveRecord: 3.8ms)


Started GET "/tasks" for ::1 at 2015-08-20 19:31:28 -0700
Processing by TasksController#index as */*
  [1m[36mTask Load (0.4ms)[0m  [1mSELECT "tasks".* FROM "tasks" WHERE "tasks"."status" = $1[0m  [["status", "f"]]
Completed 200 OK in 3ms (Views: 2.2ms | ActiveRecord: 0.4ms)


Started GET "/tasks" for ::1 at 2015-08-22 22:38:58 -0700
  [1m[36mActiveRecord::SchemaMigration Load (0.7ms)[0m  [1mSELECT "schema_migrations".* FROM "schema_migrations"[0m
Processing by TasksController#index as */*
  [1m[35mTask Load (0.8ms)[0m  SELECT "tasks".* FROM "tasks" WHERE "tasks"."status" = $1  [["status", "f"]]
Completed 200 OK in 43ms (Views: 16.4ms | ActiveRecord: 21.5ms)


Started GET "/tasks" for ::1 at 2015-08-22 22:44:07 -0700
  [1m[36mActiveRecord::SchemaMigration Load (0.4ms)[0m  [1mSELECT "schema_migrations".* FROM "schema_migrations"[0m
Processing by TasksController#index as */*
Completed 500 Internal Server Error in 10ms (ActiveRecord: 0.0ms)

NameError (uninitialized constant ActiveRecord::API):
  app/models/task.rb:1:in `<top (required)>'
  app/controllers/tasks_controller.rb:4:in `index'


  Rendered /Users/apprentice/.rbenv/versions/2.0.0-p353/lib/ruby/gems/2.0.0/gems/actionpack-4.2.3/lib/action_dispatch/middleware/templates/rescues/_source.erb (2.8ms)
  Rendered /Users/apprentice/.rbenv/versions/2.0.0-p353/lib/ruby/gems/2.0.0/gems/actionpack-4.2.3/lib/action_dispatch/middleware/templates/rescues/_trace.text.erb (0.7ms)
  Rendered /Users/apprentice/.rbenv/versions/2.0.0-p353/lib/ruby/gems/2.0.0/gems/actionpack-4.2.3/lib/action_dispatch/middleware/templates/rescues/_request_and_response.text.erb (0.7ms)
  Rendered /Users/apprentice/.rbenv/versions/2.0.0-p353/lib/ruby/gems/2.0.0/gems/actionpack-4.2.3/lib/action_dispatch/middleware/templates/rescues/diagnostics.text.erb (32.2ms)


Started GET "/tasks" for ::1 at 2015-08-22 22:44:25 -0700
Processing by TasksController#index as */*
  [1m[35mTask Load (0.5ms)[0m  SELECT "tasks".* FROM "tasks" WHERE "tasks"."status" = $1  [["status", "f"]]
Completed 200 OK in 44ms (Views: 21.5ms | ActiveRecord: 5.9ms)


Started GET "/tasks" for ::1 at 2015-08-22 22:44:47 -0700
Processing by TasksController#index as */*
  [1m[36mTask Load (0.3ms)[0m  [1mSELECT "tasks".* FROM "tasks" WHERE "tasks"."status" = $1[0m  [["status", "f"]]
Completed 200 OK in 2ms (Views: 1.6ms | ActiveRecord: 0.3ms)
